# JRE version: Java(TM) SE Runtime Environment (11.0.1+13) (build 11.0.1+13-LTS)
# Java VM: Java HotSpot(TM) 64-Bit Server VM (11.0.1+13-LTS, mixed mode, tiered, compressed oops, g1 gc, windows-amd64)
Heap:
 garbage-first heap   total 558080K, used 190976K [0x0000000088c00000, 0x0000000100000000)
  region size 1024K, 2 young (2048K), 2 survivors (2048K)
 Metaspace       used 9328K, capacity 9506K, committed 9728K, reserved 1058816K
  class space    used 884K, capacity 930K, committed 1024K, reserved 1048576K
GC Heap History (10 events):
Event: 3.025 GC heap after
{Heap after GC invocations=4 (full 0):
 garbage-first heap   total 122880K, used 49664K [0x0000000088c00000, 0x0000000100000000)
  region size 1024K, 1 young (1024K), 1 survivors (1024K)
 Metaspace       used 9328K, capacity 9506K, committed 9728K, reserved 1058816K
  class space    used 884K, capacity 930K, committed 1024K, reserved 1048576K
}
Event: 3.050 GC heap before
{Heap before GC invocations=4 (full 0):
 garbage-first heap   total 122880K, used 62976K [0x0000000088c00000, 0x0000000100000000)
  region size 1024K, 14 young (14336K), 1 survivors (1024K)
 Metaspace       used 9328K, capacity 9506K, committed 9728K, reserved 1058816K
  class space    used 884K, capacity 930K, committed 1024K, reserved 1048576K
}
Event: 3.151 GC heap after
{Heap after GC invocations=5 (full 0):
 garbage-first heap   total 215040K, used 63488K [0x0000000088c00000, 0x0000000100000000)
  region size 1024K, 2 young (2048K), 2 survivors (2048K)
 Metaspace       used 9328K, capacity 9506K, committed 9728K, reserved 1058816K
  class space    used 884K, capacity 930K, committed 1024K, reserved 1048576K
}
Event: 3.277 GC heap before
{Heap before GC invocations=5 (full 0):
 garbage-first heap   total 215040K, used 100352K [0x0000000088c00000, 0x0000000100000000)
  region size 1024K, 17 young (17408K), 2 survivors (2048K)
 Metaspace       used 9328K, capacity 9506K, committed 9728K, reserved 1058816K
  class space    used 884K, capacity 930K, committed 1024K, reserved 1048576K
}
Event: 3.358 GC heap after
{Heap after GC invocations=6 (full 0):
 garbage-first heap   total 215040K, used 100864K [0x0000000088c00000, 0x0000000100000000)
  region size 1024K, 3 young (3072K), 3 survivors (3072K)
 Metaspace       used 9328K, capacity 9506K, committed 9728K, reserved 1058816K
  class space    used 884K, capacity 930K, committed 1024K, reserved 1048576K
}
Event: 3.396 GC heap before
{Heap before GC invocations=6 (full 0):
 garbage-first heap   total 215040K, used 119296K [0x0000000088c00000, 0x0000000100000000)
  region size 1024K, 21 young (21504K), 3 survivors (3072K)
 Metaspace       used 9328K, capacity 9506K, committed 9728K, reserved 1058816K
  class space    used 884K, capacity 930K, committed 1024K, reserved 1048576K
}
Event: 3.461 GC heap after
{Heap after GC invocations=7 (full 0):
 garbage-first heap   total 215040K, used 120320K [0x0000000088c00000, 0x0000000100000000)
  region size 1024K, 3 young (3072K), 3 survivors (3072K)
 Metaspace       used 9328K, capacity 9506K, committed 9728K, reserved 1058816K
  class space    used 884K, capacity 930K, committed 1024K, reserved 1048576K
}
Event: 3.661 GC heap before
{Heap before GC invocations=7 (full 0):
 garbage-first heap   total 215040K, used 181760K [0x0000000088c00000, 0x0000000100000000)
  region size 1024K, 22 young (22528K), 3 survivors (3072K)
 Metaspace       used 9328K, capacity 9506K, committed 9728K, reserved 1058816K
  class space    used 884K, capacity 930K, committed 1024K, reserved 1048576K
}
Event: 3.821 GC heap after
{Heap after GC invocations=8 (full 0):
 garbage-first heap   total 215040K, used 182784K [0x0000000088c00000, 0x0000000100000000)
  region size 1024K, 3 young (3072K), 3 survivors (3072K)
 Metaspace       used 9328K, capacity 9506K, committed 9728K, reserved 1058816K
  class space    used 884K, capacity 930K, committed 1024K, reserved 1048576K
}
Event: 3.855 GC heap before
{Heap before GC invocations=8 (full 0):
 garbage-first heap   total 215040K, used 189952K [0x0000000088c00000, 0x0000000100000000)
  region size 1024K, 10 young (10240K), 3 survivors (3072K)
 Metaspace       used 9328K, capacity 9506K, committed 9728K, reserved 1058816K
  class space    used 884K, capacity 930K, committed 1024K, reserved 1048576K
}

